14:14:00 **** Incremental Build of configuration Debug for project cpen391_integrate ****
make all 
Building file: ../ledAndSwitch.cpp
Invoking: ARM C++ Compiler 5
armcc --cpp -O0 -g --md --depend_format=unix_escaped -c -o "ledAndSwitch.o" "../ledAndSwitch.cpp"
"../ledAndSwitch.cpp", line 30: Warning:  #951-D: return type of function "main" must be "int"
  void main(void)
       ^
../ledAndSwitch.cpp: 1 warning, 0 errors
Finished building: ../ledAndSwitch.cpp
 
Building target: cpen391_integrate.axf
Invoking: ARM Linker 5
armlink --scatter="C:\Users\zoeyli\cpen391\CPEN391_group25\DS-5 Workspace\cpen391_integrate\CPEN391ForDE1.scat" --info=sizes -o "cpen391_integrate.axf"  ./ledAndSwitch.o   

==============================================================================

Image component sizes


      Code (inc. data)   RO Data    RW Data    ZI Data      Debug   Object Name

       180         80          6          1          0      69059   ledAndSwitch.o

    ----------------------------------------------------------------------
       180         80         22          4      65536      69059   Object Totals
         0          0         16          0      65536          0   (incl. Generated)
         0          0          0          3          0          0   (incl. Padding)

    ----------------------------------------------------------------------

      Code (inc. data)   RO Data    RW Data    ZI Data      Debug   Library Member Name

        36          4          0          0          0         84   __2printf.o
         8          0          0          0          0         68   __main.o
       648          4         17          0          0        108   __printf_flags_ss_wp.o
         0          0          0          0          0          0   __rtentry.o
        12          0          0          0          0          0   __rtentry2.o
         8          4          0          0          0          0   __rtentry6.o
        60          8          0          0          0          0   __scatter.o
        44          0          0          0          0          0   __scatter_zi.o
        32          0          0          0          0         68   _chval.o
        88          0          0          0          0         88   _mbrtowc.o
         8          0          0          0          0          0   _printf_a.o
         8          0          0          0          0          0   _printf_c.o
        76          0          0          0          0        108   _printf_char.o
        84          4          0          0          0         96   _printf_char_common.o
        52          4          0          0          0         80   _printf_char_file.o
        64          0          0          0          0         68   _printf_charcount.o
         8          0          0          0          0          0   _printf_d.o
       180         16          0          0          0        100   _printf_dec.o
         8          0          0          0          0          0   _printf_e.o
         8          0          0          0          0          0   _printf_f.o
      1580          4          0          0          0        240   _printf_fp_dec.o
      1076         12         38          0          0        108   _printf_fp_hex.o
       220         16          0          0          0         96   _printf_fp_infnan.o
         8          0          0          0          0          0   _printf_g.o
       240          8         40          0          0        156   _printf_hex_int_ll_ptr.o
         8          0          0          0          0          0   _printf_i.o
       296          0          0          0          0        100   _printf_intcommon.o
        12          0          0          0          0          0   _printf_l.o
         8          0          0          0          0          0   _printf_lc.o
        12          0          0          0          0          0   _printf_ll.o
         8          0          0          0          0          0   _printf_lld.o
         8          0          0          0          0          0   _printf_lli.o
         8          0          0          0          0          0   _printf_llo.o
         8          0          0          0          0          0   _printf_llu.o
         8          0          0          0          0          0   _printf_llx.o
       180         16          0          0          0        100   _printf_longlong_dec.o
         8          0          0          0          0          0   _printf_ls.o
         8          0          0          0          0          0   _printf_n.o
         8          0          0          0          0          0   _printf_o.o
       172          8          0          0          0        124   _printf_oct_int_ll.o
         8          0          0          0          0          0   _printf_p.o
       156          0          0          0          0        108   _printf_pad.o
         0          0          0          0          0          0   _printf_percent.o
         8          0          0          0          0          0   _printf_percent_end.o
         8          0          0          0          0          0   _printf_s.o
       144          0          0          0          0         80   _printf_str.o
        68          0          0          0          0         84   _printf_truncate.o
         8          0          0          0          0          0   _printf_u.o
        76          0          0          0          0        108   _printf_wchar.o
       316          4          8          0          0        108   _printf_wctomb.o
         8          0          0          0          0          0   _printf_x.o
        36          0          0          0          0        100   _rserrno.o
      1552          4          0          0          0        116   _scanf.o
       476          0          0          0          0        112   _scanf_int.o
       532          0          0          0          0        112   _scanf_longlong.o
       476          0          0          0          0        112   _scanf_mbtowc.o
       384          0          0          0          0        116   _scanf_str.o
        48          0          0          0          0         68   _scanf_wcharmap.o
       420          0          0          0          0        112   _scanf_wctomb.o
       376          0          0          0          0        116   _scanf_wstr.o
       136          0          0          0          0         84   _sgetc.o
        24          0          0          0          0         68   _snputc.o
        16          0          0          0          0         68   _sputc.o
       100          0          0          0          0         88   _wcrtomb.o
        20          0          0          0          0         72   abort.o
       380          0          0          0          0         76   aeabi_sdiv.o
       300         12        148          0          0        108   bigflt0.o
      2200        132          0          0          0        940   btod.o
        56         32          0          0          0         76   defsig_abrt_inner.o
        16          0          0          0          0         80   defsig_abrt_outer.o
        12          0          0          0          0         68   defsig_exit.o
        80          0          0          0          0         88   defsig_general.o
        88         56          0          0          0         76   defsig_rtmem_inner.o
        16          0          0          0          0         80   defsig_rtmem_outer.o
        60         36          0          0          0         76   defsig_rtred_inner.o
        16          0          0          0          0         80   defsig_rtred_outer.o
        16          0          0          0          0         72   exit.o
       116          0          0          0          0        100   fclose.o
        12          0          0          0          0         68   ferror.o
       808          4          0          0          0        100   flsbuf.o
       360          8          0          0          0        144   fopen.o
        32          0          0          0          0         84   fprintf.o
        48          0          0          0          0         68   fputc.o
       412          0          0          0          0        100   fseek.o
       112          0          0          0          0         76   ftell.o
       324          0          0          0          0        104   fwritefast.o
       164          0          0          0          0         80   h1_alloc.o
        84          0          0          0          0         68   h1_extend.o
       132          0          0          0          0         80   h1_free.o
        28          0          0          0          0         84   h1_init.o
       116          4          0          4          0         92   heapauxa.o
         8          0          0          0          0        136   hguard.o
         0          0          0          0          0          0   indicate_semi.o
        64          8          0          0          0         80   init_aeabi.o
       224          0          0          0          0        184   init_alloc.o
       484         68          0          0          0        112   initio.o
        28          0          0          0          0         76   isspace.o
        68          8        272          0          0         76   lc_ctype_c.o
        68          8         28          0          0         76   lc_numeric_c.o
         4          0          0          0          0          0   libinit.o
        56          0          0          0          0          0   libinit2.o
        20          8          0          0          0          0   libinit4.o
         4          0          0          0          0          0   libshutdown.o
        16          0          0          0          0          0   libshutdown2.o
         0          0          0          0         96          0   libspace.o
        40          0          0          0          0         68   llshl.o
       152          0          0          0          0         80   lludiv10.o
        20          4          0          0         42         68   locale.o
       700         24          0          0          0        176   locale_r.o
         0          0          0          0          0          0   maybetermalloc1.o
        12          0          0          0          0         76   memcpy.o
        12          0          0          0          0         76   memmove.o
         0          0         16          0          0          0   null_locale.o
        20          4          0          0          0         76   rt_ctype_table.o
        12          4          0          0          0         68   rt_ddtor_pointer_addr_intlibspace.o
        12          4          0          0          0         68   rt_eh_globals_addr_intlibspace.o
        12          4          0          0          0         68   rt_errno_addr_intlibspace.o
        12          4          0          0          0         68   rt_heap_descriptor_intlibspace.o
        12          4          0          0          0         68   rt_locale_intlibspace.o
        84          0          0          0          0         80   rt_memclr_w.o
       212          0          0          0          0         68   rt_memcpy.o
       100          0          0          0          0         80   rt_memcpy_w.o
       212          0          0          0          0         68   rt_memmove.o
       128          0          0          0          0         80   rt_memmove_w.o
        12          4          0          0          0         68   rt_new_handler_addr_intlibspace.o
         4          0          0          0          0          0   rtexit.o
        12          0          0          0          0          0   rtexit2.o
        44          0          0          0          0         68   rtudiv10.o
        76          8          0          0          0         84   scanf_char.o
      1800         28          0          0          0        172   scanf_fp.o
      1188          4          0          0          0        116   scanf_hexfp.o
       536         12          0          0          0        112   scanf_infnan.o
       112          0          0          0          0         80   setvbuf.o
       100          8          0          0          0         84   sscanf.o
       396          4          0          0          0        164   stdio.o
         0          0          0         12        252          0   stdio_streams.o
        36          0          0          0          0         68   strcat.o
       244          4          0          0          0         80   strcmp.o
       108          4          0          0          0         76   strcpy.o
       100          4          0          0          0         68   strlen.o
        36          0          0          0          0         68   strrchr.o
        20          4          0          0          0         68   sys_exit.o
       196          0         12          0          0        252   sys_io.o
        24          0          0          0          0         76   sys_wrch.o
         4          0          0          0          0         68   use_no_semi.o
        96          4          0          0          0         88   vsnprintf.o
         8          0          0          0          0         68   wmemmove.o
      1840         40        620          8          0        928   char.o
      8116        248        683         36       7472       7424   ios.o
      2252         76          5         32          0       1452   locale.o
       704         28          0         12          0        644   messages.o
        52          0          0          0          0        144   rwalloc.o
       264         20          4          8          0        392   rwcats.o
      1392         64        772         23         24        968   rwstdexcept.o
       192        104          0          0          0         72   rwthrowproc_impl_noex.o
         0          0          0          4          0          0   rwthrowproc_noex.o
         0          0          0          0         16          0   vendor.o
        52          0          0          0          0         84   ARM_vec_cleanup_noexceptions.o
        72          0          0          0          0         84   aeabi_atexit.o
        16          0          0          0          0         80   aeabi_vec_delete_noexceptions.o
        20          0          0          0          0         68   aeabi_vec_dtor_cookie.o
        60          0          0          0          0         84   aeabi_vec_dtor_noexceptions.o
        36          0          0          0          0         76   aeabi_vec_new_cookie.o
       132         12          0          0          0        104   arm_exceptions_globs.o
       108          0          0          0          0        108   arm_exceptions_mem.o
        56          0          0          0          0         76   arm_exceptions_terminate.o
         4          0          0          0          0         68   arm_newhandler_noexceptions.o
         4          0          0          0          0         68   arm_rethrow_noexceptions.o
        12          0          0          0          0         76   array_del.o
        12          0          0          0          0         76   array_new.o
       256          0          0          0          0         96   array_new_general.o
       104          0          0          0          0         84   cxa_finalize.o
        28          0          0          0          0         68   cxa_guard_acquire.o
        32          4          0          0          0         80   cxa_vec_new.o
        12          0          0          0          0         76   delete.o
        16          4          0          0          0         68   exception_ctor.o
         0          0         20          0          0          0   exception_dtor.o
        60          4          0          0          0         76   new.o
       108          4          0          0          0         92   d2f.o
        16          4          0          0          0         68   dcheck1.o
        28          0          0          0          0         68   dcmpi.o
       148          4          0          0          0         92   deqf.o
       148          4          0          0          0         92   dleqf.o
       184          0          0          0          0         92   dnaninf.o
       140          0          0          0          0         80   drleqf.o
         0          0          8          0          0          0   fpconst.o
        16          0          0          0          0         68   fretinf.o
         4          0          0          0          0         68   printf1.o
         4          0          0          0          0         68   printf2.o
       116          0          0          0          0         68   retnan.o
       104          0          0          0          0         68   scalbn.o
         4          0          0          0          0         68   scanf1.o
         8          0          0          0          0         84   scanf2.o
        60          0          0          0          0         68   trapv.o
         0          0          0          0          0          0   usenofp.o
        40          0          0          0          0        136   dunder.o
        48          0          0          0          0         68   fpclassify.o
       116          0          0          0          0         76   frexp.o
       204          0          0          0          0        156   ldexp.o
       252          0          0          0          0        192   narrow.o

    ----------------------------------------------------------------------
     42292       1260       2698        140       7904      26092   Library Totals
         0          0          7          1          2          0   (incl. Padding)

    ----------------------------------------------------------------------

      Code (inc. data)   RO Data    RW Data    ZI Data      Debug   Library Name

     24640        640        579         16        390      10696   c_4.l
     14812        580       2084        123       7512      12024   cpp_4s.l
      1092         24         20          0          0       1600   cpprt_4.l
      1088         16          8          0          0       1144   fz_4s.l
       660          0          0          0          0        628   m_4s.l

    ----------------------------------------------------------------------
     42292       1260       2698        140       7904      26092   Library Totals

    ----------------------------------------------------------------------

==============================================================================


      Code (inc. data)   RO Data    RW Data    ZI Data      Debug   

     42472       1340       2720        144      73440      78959   Grand Totals
     42472       1340       2720        144      73440      78959   ELF Image Totals
     42472       1340       2720        144          0          0   ROM Totals

==============================================================================

    Total RO  Size (Code + RO Data)                45192 (  44.13kB)
    Total RW  Size (RW Data + ZI Data)             73584 (  71.86kB)
    Total ROM Size (Code + RO Data + RW Data)      45336 (  44.27kB)

==============================================================================

Finished building target: cpen391_integrate.axf
 

14:14:05 Build Finished (took 4s.822ms)

