21:44:17 **** Incremental Build of configuration Debug for project MyCPEN391Project ****
make all 
Building file: ../RS232.c
Invoking: ARM C Compiler 5
armcc --c99 -O0 -g --md --depend_format=unix_escaped -c -o "RS232.o" "../RS232.c"
Finished building: ../RS232.c
 
Building file: ../bluetooth.c
Invoking: ARM C Compiler 5
armcc --c99 -O0 -g --md --depend_format=unix_escaped -c -o "bluetooth.o" "../bluetooth.c"
"../bluetooth.c", line 79: Warning:  #550-D: variable "unreadChar" was set but never used
      int unreadChar;
          ^
../bluetooth.c: 1 warning, 0 errors
Finished building: ../bluetooth.c
 
Building file: ../ledAndSwitch.c
Invoking: ARM C Compiler 5
armcc --c99 -O0 -g --md --depend_format=unix_escaped -c -o "ledAndSwitch.o" "../ledAndSwitch.c"
Finished building: ../ledAndSwitch.c
 
Building target: MyCPEN391Project.axf
Invoking: ARM Linker 5
armlink --scatter="C:\Users\zoeyli\Documents\DS-5 Workspace\MyCPEN391Project\CPEN391ForDE1.scat" --info=sizes -o "MyCPEN391Project.axf"  ./RS232.o ./bluetooth.o ./ledAndSwitch.o   

==============================================================================

Image component sizes


      Code (inc. data)   RO Data    RW Data    ZI Data      Debug   Object Name

         0          0          0          0          0       1444   RS232.o
       428         44          0          0          0       1680   bluetooth.o

    ----------------------------------------------------------------------
       428         44         16          0      65536       3124   Object Totals
         0          0         16          0      65536          0   (incl. Generated)
         0          0          0          0          0          0   (incl. Padding)

    ----------------------------------------------------------------------

      Code (inc. data)   RO Data    RW Data    ZI Data      Debug   Library Member Name

         8          0          0          0          0         68   __main.o
       204          0          0          0          0         96   __printf.o
         0          0          0          0          0          0   __rtentry.o
        12          0          0          0          0          0   __rtentry2.o
         8          4          0          0          0          0   __rtentry6.o
        60          8          0          0          0          0   __scatter.o
        44          0          0          0          0          0   __scatter_zi.o
         8          0          0          0          0          0   _printf_c.o
        76          0          0          0          0        108   _printf_char.o
        84          4          0          0          0         96   _printf_char_common.o
        52          4          0          0          0         80   _printf_char_file.o
         8          0          0          0          0          0   _printf_d.o
       180         16          0          0          0        100   _printf_dec.o
       296          0          0          0          0        100   _printf_intcommon.o
         0          0          0          0          0          0   _printf_percent.o
         8          0          0          0          0          0   _printf_percent_end.o
       144          0          0          0          0         80   _printf_str.o
        12          0          0          0          0         68   defsig_exit.o
        80          0          0          0          0         88   defsig_general.o
        88         56          0          0          0         76   defsig_rtmem_inner.o
        16          0          0          0          0         80   defsig_rtmem_outer.o
        60         36          0          0          0         76   defsig_rtred_inner.o
        16          0          0          0          0         80   defsig_rtred_outer.o
        16          0          0          0          0         72   exit.o
       116          0          0          0          0        100   fclose.o
        12          0          0          0          0         68   ferror.o
       808          4          0          0          0        100   flsbuf.o
       360          8          0          0          0        144   fopen.o
        48          0          0          0          0         68   fputc.o
       412          0          0          0          0        100   fseek.o
       112          0          0          0          0         76   ftell.o
       164          0          0          0          0         80   h1_alloc.o
        84          0          0          0          0         68   h1_extend.o
       132          0          0          0          0         80   h1_free.o
        28          0          0          0          0         84   h1_init.o
       116          4          0          4          0         92   heapauxa.o
         8          0          0          0          0        136   hguard.o
         0          0          0          0          0          0   indicate_semi.o
       224          0          0          0          0        184   init_alloc.o
       484         68          0          0          0        112   initio.o
         4          0          0          0          0          0   libinit.o
         8          0          0          0          0          0   libinit2.o
        20          8          0          0          0          0   libinit4.o
         4          0          0          0          0          0   libshutdown.o
         8          0          0          0          0          0   libshutdown2.o
         0          0          0          0         96          0   libspace.o
         0          0          0          0          0          0   maybetermalloc1.o
        36          4          0          0          0         84   noretval__2printf.o
        12          4          0          0          0         68   rt_errno_addr_intlibspace.o
        12          4          0          0          0         68   rt_heap_descriptor_intlibspace.o
        84          0          0          0          0         80   rt_memclr_w.o
         4          0          0          0          0          0   rtexit.o
        12          0          0          0          0          0   rtexit2.o
        44          0          0          0          0         68   rtudiv10.o
       112          0          0          0          0         80   setvbuf.o
       396          4          0          0          0        164   stdio.o
         0          0          0         12        252          0   stdio_streams.o
       100          4          0          0          0         68   strlen.o
        20          4          0          0          0         68   sys_exit.o
       196          0         12          0          0        252   sys_io.o
        24          0          0          0          0         76   sys_wrch.o
         4          0          0          0          0         68   use_no_semi.o

    ----------------------------------------------------------------------
      5688        244         12         16        348       3904   Library Totals
         0          0          0          0          0          0   (incl. Padding)

    ----------------------------------------------------------------------

      Code (inc. data)   RO Data    RW Data    ZI Data      Debug   Library Name

      5688        244         12         16        348       3904   c_4.l

    ----------------------------------------------------------------------
      5688        244         12         16        348       3904   Library Totals

    ----------------------------------------------------------------------

==============================================================================


      Code (inc. data)   RO Data    RW Data    ZI Data      Debug   

      6116        288         28         16      65884       5032   Grand Totals
      6116        288         28         16      65884       5032   ELF Image Totals
      6116        288         28         16          0          0   ROM Totals

==============================================================================

    Total RO  Size (Code + RO Data)                 6144 (   6.00kB)
    Total RW  Size (RW Data + ZI Data)             65900 (  64.36kB)
    Total ROM Size (Code + RO Data + RW Data)       6160 (   6.02kB)

==============================================================================

Finished building target: MyCPEN391Project.axf
 

21:44:19 Build Finished (took 2s.298ms)

